0 info it worked if it ends with ok
1 verbose cli [ 'C:\\Program Files\\nodejs\\node.exe',
1 verbose cli   'C:\\Program Files\\nodejs\\node_modules\\npm\\bin\\npm-cli.js',
1 verbose cli   'install',
1 verbose cli   'angular-route@X.Y.Z' ]
2 info using npm@2.15.1
3 info using node@v4.4.4
4 verbose install initial load of C:\dev\employeePortal\package.json
5 verbose installManyTop reading scoped package data from C:\dev\employeePortal\node_modules\angular-route\package.json
6 verbose installManyTop reading scoped package data from C:\dev\employeePortal\node_modules\body-parser\package.json
7 verbose installManyTop reading scoped package data from C:\dev\employeePortal\node_modules\consolidate\package.json
8 verbose installManyTop reading scoped package data from C:\dev\employeePortal\node_modules\cookie-parser\package.json
9 verbose installManyTop reading scoped package data from C:\dev\employeePortal\node_modules\express\package.json
10 verbose installManyTop reading scoped package data from C:\dev\employeePortal\node_modules\mongodb\package.json
11 verbose installManyTop reading scoped package data from C:\dev\employeePortal\node_modules\mongoose\package.json
12 verbose installManyTop reading scoped package data from C:\dev\employeePortal\node_modules\morgan\package.json
13 verbose installManyTop reading scoped package data from C:\dev\employeePortal\node_modules\msnodesqlv8\package.json
14 verbose installManyTop reading scoped package data from C:\dev\employeePortal\node_modules\mssql\package.json
15 verbose installManyTop reading scoped package data from C:\dev\employeePortal\node_modules\mysql\package.json
16 verbose installManyTop reading scoped package data from C:\dev\employeePortal\node_modules\path\package.json
17 verbose installManyTop reading scoped package data from C:\dev\employeePortal\node_modules\routes\package.json
18 verbose installManyTop reading scoped package data from C:\dev\employeePortal\node_modules\serve-favicon\package.json
19 verbose installManyTop reading scoped package data from C:\dev\employeePortal\node_modules\swig\package.json
20 info package.json path@0.12.7 path is also the name of a node core module.
21 info package.json msnodesqlv8@0.2.9 No license field.
22 info package.json routes@2.1.0 No license field.
23 verbose readDependencies loading dependencies from C:\dev\employeePortal\package.json
24 silly cache add args [ 'angular-route@X.Y.Z', null ]
25 verbose cache add spec angular-route@X.Y.Z
26 silly cache add parsed spec Result {
26 silly cache add   raw: 'angular-route@X.Y.Z',
26 silly cache add   scope: null,
26 silly cache add   name: 'angular-route',
26 silly cache add   rawSpec: 'X.Y.Z',
26 silly cache add   spec: 'X.Y.Z',
26 silly cache add   type: 'tag' }
27 silly addNamed angular-route@X.Y.Z
28 verbose addNamed "X.Y.Z" is being treated as a dist-tag for angular-route
29 info addNameTag [ 'angular-route', 'X.Y.Z' ]
30 silly mapToRegistry name angular-route
31 silly mapToRegistry using default registry
32 silly mapToRegistry registry https://registry.npmjs.org/
33 silly mapToRegistry data Result {
33 silly mapToRegistry   raw: 'angular-route',
33 silly mapToRegistry   scope: null,
33 silly mapToRegistry   name: 'angular-route',
33 silly mapToRegistry   rawSpec: '',
33 silly mapToRegistry   spec: 'latest',
33 silly mapToRegistry   type: 'tag' }
34 silly mapToRegistry uri https://registry.npmjs.org/angular-route
35 verbose addNameTag registry:https://registry.npmjs.org/angular-route not in flight; fetching
36 verbose request uri https://registry.npmjs.org/angular-route
37 verbose request no auth needed
38 info attempt registry request try #1 at 11:48:03 AM
39 verbose request id 7ae8ebf1676fdae3
40 verbose etag "8VM9N74K4IPZ9EH52RQ1B39Q5"
41 http request GET https://registry.npmjs.org/angular-route
42 http 304 https://registry.npmjs.org/angular-route
43 verbose headers { date: 'Tue, 08 Nov 2016 09:48:04 GMT',
43 verbose headers   via: '1.1 varnish',
43 verbose headers   'cache-control': 'max-age=300',
43 verbose headers   etag: '"8VM9N74K4IPZ9EH52RQ1B39Q5"',
43 verbose headers   age: '38',
43 verbose headers   connection: 'keep-alive',
43 verbose headers   'x-served-by': 'cache-fra1220-FRA',
43 verbose headers   'x-cache': 'HIT',
43 verbose headers   'x-cache-hits': '2',
43 verbose headers   'x-timer': 'S1478598484.916246,VS0,VE0',
43 verbose headers   vary: 'Accept-Encoding' }
44 silly get cb [ 304,
44 silly get   { date: 'Tue, 08 Nov 2016 09:48:04 GMT',
44 silly get     via: '1.1 varnish',
44 silly get     'cache-control': 'max-age=300',
44 silly get     etag: '"8VM9N74K4IPZ9EH52RQ1B39Q5"',
44 silly get     age: '38',
44 silly get     connection: 'keep-alive',
44 silly get     'x-served-by': 'cache-fra1220-FRA',
44 silly get     'x-cache': 'HIT',
44 silly get     'x-cache-hits': '2',
44 silly get     'x-timer': 'S1478598484.916246,VS0,VE0',
44 silly get     vary: 'Accept-Encoding' } ]
45 verbose etag https://registry.npmjs.org/angular-route from cache
46 verbose get saving angular-route to C:\Users\LMahasha\AppData\Roaming\npm-cache\registry.npmjs.org\angular-route\.cache.json
47 verbose correctMkdir C:\Users\LMahasha\AppData\Roaming\npm-cache correctMkdir not in flight; initializing
48 silly addNameTag next cb for angular-route with tag X.Y.Z
49 verbose stack Error: No compatible version found: angular-route@'X.Y.Z'
49 verbose stack Valid install targets:
49 verbose stack ["1.2.17-build.163.1","1.3.0-rc.5","1.3.0","1.3.1","1.3.2","1.3.3","1.3.4-build.3588","1.2.27","1.3.4","1.3.5","1.3.6","1.3.7","1.2.28","1.3.8","1.4.0-beta.0","1.3.9","1.3.10","1.4.0-beta.1","1.4.0-beta.2","1.3.11","1.4.0-beta.3","1.3.12","1.3.13","1.4.0-beta.4","1.3.14","1.4.0-beta.5","1.4.0-beta.6","1.3.15","1.4.0-rc.0","1.4.0-rc.1","1.4.0-rc.2","1.4.0","1.3.16","1.4.1","1.4.2","1.3.17","1.4.3","1.4.4","1.3.18","1.4.5","1.3.19","1.4.6","1.5.0-beta.0","1.2.29","1.3.20","1.4.7","1.5.0-beta.2","1.4.8","1.5.0-rc.0","1.5.0-rc.1","1.4.9","1.5.0-rc.2","1.5.0","1.5.1","1.4.10","1.5.2","1.5.3","1.5.5","1.4.11","1.5.6","1.4.12","1.5.7","1.2.30","1.5.8","1.4.13","1.2.31","1.2.32","1.4.14","1.6.0-rc.0"]
49 verbose stack
49 verbose stack     at installTargetsError (C:\Program Files\nodejs\node_modules\npm\lib\cache\add-named.js:284:12)
49 verbose stack     at next (C:\Program Files\nodejs\node_modules\npm\lib\cache\add-named.js:94:10)
49 verbose stack     at RES (C:\Program Files\nodejs\node_modules\npm\node_modules\inflight\inflight.js:23:14)
49 verbose stack     at f (C:\Program Files\nodejs\node_modules\npm\node_modules\once\once.js:17:25)
49 verbose stack     at fixName (C:\Program Files\nodejs\node_modules\npm\lib\cache\add-named.js:29:5)
49 verbose stack     at saved (C:\Program Files\nodejs\node_modules\npm\lib\cache\caching-client.js:173:7)
49 verbose stack     at C:\Program Files\nodejs\node_modules\npm\node_modules\graceful-fs\polyfills.js:210:7
49 verbose stack     at FSReqWrap.oncomplete (fs.js:82:15)
50 verbose cwd C:\dev\employeePortal\models
51 error Windows_NT 10.0.10586
52 error argv "C:\\Program Files\\nodejs\\node.exe" "C:\\Program Files\\nodejs\\node_modules\\npm\\bin\\npm-cli.js" "install" "angular-route@X.Y.Z"
53 error node v4.4.4
54 error npm  v2.15.1
55 error code ETARGET
56 error notarget No compatible version found: angular-route@'X.Y.Z'
56 error notarget Valid install targets:
56 error notarget ["1.2.17-build.163.1","1.3.0-rc.5","1.3.0","1.3.1","1.3.2","1.3.3","1.3.4-build.3588","1.2.27","1.3.4","1.3.5","1.3.6","1.3.7","1.2.28","1.3.8","1.4.0-beta.0","1.3.9","1.3.10","1.4.0-beta.1","1.4.0-beta.2","1.3.11","1.4.0-beta.3","1.3.12","1.3.13","1.4.0-beta.4","1.3.14","1.4.0-beta.5","1.4.0-beta.6","1.3.15","1.4.0-rc.0","1.4.0-rc.1","1.4.0-rc.2","1.4.0","1.3.16","1.4.1","1.4.2","1.3.17","1.4.3","1.4.4","1.3.18","1.4.5","1.3.19","1.4.6","1.5.0-beta.0","1.2.29","1.3.20","1.4.7","1.5.0-beta.2","1.4.8","1.5.0-rc.0","1.5.0-rc.1","1.4.9","1.5.0-rc.2","1.5.0","1.5.1","1.4.10","1.5.2","1.5.3","1.5.5","1.4.11","1.5.6","1.4.12","1.5.7","1.2.30","1.5.8","1.4.13","1.2.31","1.2.32","1.4.14","1.6.0-rc.0"]
56 error notarget
56 error notarget This is most likely not a problem with npm itself.
56 error notarget In most cases you or one of your dependencies are requesting
56 error notarget a package version that doesn't exist.
57 verbose exit [ 1, true ]
